Synthesizing design: avg_four.sv

                      Design Compiler Graphical
                            DC Ultra (TM)
                             DFTMAX (TM)
                         Power Compiler (TM)
                           DesignWare (R)
                           DC Expert (TM)
                         Design Vision (TM)
                          HDL Compiler (TM)
                         VHDL Compiler (TM)
                            DFT Compiler
                        Library Compiler (TM)
                         Design Compiler(R)

            Version G-2012.06 for RHEL64 -- May 30, 2012
               Copyright (c) 1988-2012 Synopsys, Inc.

This software and the associated documentation are confidential and 
proprietary to Synopsys, Inc. Your use or disclosure of this software 
is subject to the terms and conditions of a written license agreement 
between you, or your company, and Synopsys, Inc.

Initializing...
dc_shell> dc_shell> Running PRESTO HDLC
Searching for ./sync.sv
Searching for /package/eda/synopsys/syn-G-2012.06/libraries/syn/sync.sv
Searching for /package/eda/synopsys/syn-G-2012.06/dw/sim_ver/sync.sv
Searching for ./source/sync.sv
Searching for ./counter.sv
Searching for /package/eda/synopsys/syn-G-2012.06/libraries/syn/counter.sv
Searching for /package/eda/synopsys/syn-G-2012.06/dw/sim_ver/counter.sv
Searching for ./source/counter.sv
Searching for ./controller.sv
Searching for /package/eda/synopsys/syn-G-2012.06/libraries/syn/controller.sv
Searching for /package/eda/synopsys/syn-G-2012.06/dw/sim_ver/controller.sv
Searching for ./source/controller.sv
Searching for ./flex_counter.sv
Searching for /package/eda/synopsys/syn-G-2012.06/libraries/syn/flex_counter.sv
Searching for /package/eda/synopsys/syn-G-2012.06/dw/sim_ver/flex_counter.sv
Searching for ./source/flex_counter.sv
Searching for ./avg_four.sv
Searching for /package/eda/synopsys/syn-G-2012.06/libraries/syn/avg_four.sv
Searching for /package/eda/synopsys/syn-G-2012.06/dw/sim_ver/avg_four.sv
Searching for ./source/avg_four.sv
Compiling source file ./source/sync.sv
Compiling source file ./source/counter.sv
Compiling source file ./source/controller.sv
Warning:  ./source/controller.sv:39: The construct 'declaration initial assignment' is not supported in synthesis; it is ignored. (VER-708)
Compiling source file ./source/flex_counter.sv
Compiling source file ./source/avg_four.sv
Presto compilation completed successfully.
Loading db file '/package/eda/cells/OSU/v2.7/synopsys/lib/ami05/osu05_stdcells.db'
Loading db file '/package/eda/synopsys/syn-G-2012.06/libraries/syn/dw_foundation.sldb'
1
dc_shell> Loading db file '/package/eda/synopsys/syn-G-2012.06/libraries/syn/gtech.db'
Loading db file '/package/eda/synopsys/syn-G-2012.06/libraries/syn/standard.sldb'
  Loading link library 'osu05_stdcells'
  Loading link library 'gtech'
Running PRESTO HDLC
Presto compilation completed successfully.
Elaborated 1 design.
Current design is now 'avg_four'.
Information: Building the design 'sync'. (HDL-193)

Inferred memory devices in process
	in routine sync line 18 in file
		'./source/sync.sv'.
===============================================================================
|    Register Name    |   Type    | Width | Bus | MB | AR | AS | SR | SS | ST |
===============================================================================
|      temp2_reg      | Flip-flop |   1   |  N  | N  | Y  | N  | N  | N  | N  |
===============================================================================
Presto compilation completed successfully.
Information: Building the design 'controller'. (HDL-193)

Statistics for case statements in always block at line 56 in file
	'./source/controller.sv'
===============================================
|           Line           |  full/ parallel  |
===============================================
|            58            |    auto/auto     |
===============================================

Statistics for case statements in always block at line 128 in file
	'./source/controller.sv'
===============================================
|           Line           |  full/ parallel  |
===============================================
|           137            |     no/auto      |
===============================================

Inferred memory devices in process
	in routine controller line 42 in file
		'./source/controller.sv'.
===============================================================================
|    Register Name    |   Type    | Width | Bus | MB | AR | AS | SR | SS | ST |
===============================================================================
|       err_reg       | Flip-flop |   1   |  N  | N  | Y  | N  | N  | N  | N  |
|      state_reg      | Flip-flop |   4   |  Y  | N  | Y  | N  | N  | N  | N  |
|     modwait_reg     | Flip-flop |   1   |  N  | N  | Y  | N  | N  | N  | N  |
===============================================================================
Presto compilation completed successfully.
Information: Building the design 'datapath'. (HDL-193)
Warning:  ./Course_IP_VHDL/Datapath/source/datapath.vhd:188: DEFAULT branch of CASE statement cannot be reached. (ELAB-311)

Statistics for case statements in always block at line 183 in file
	'./Course_IP_VHDL/Datapath/source/datapath.vhd'
===============================================
|           Line           |  full/ parallel  |
===============================================
|           188            |    auto/auto     |
===============================================
Presto compilation completed successfully.
Information: Building the design 'counter'. (HDL-193)
Presto compilation completed successfully.
Information: Building the design 'datapath_ctrl'. (HDL-193)

Statistics for case statements in always block at line 58 in file
	'./Course_IP_VHDL/Datapath/source/datapath_ctrl.vhd'
===============================================
|           Line           |  full/ parallel  |
===============================================
|            65            |    auto/auto     |
===============================================
Presto compilation completed successfully.
Information: Building the design 'regfile' instantiated from design 'datapath' with
	the parameters "NUM_REG_ADDR_BITS=4,REG_SIZE_BITS=16". (HDL-193)

Inferred memory devices in process
	in routine regfile_NUM_REG_ADDR_BITS4_REG_SIZE_BITS16 line 65 in file
		'./Course_IP_VHDL/Datapath/source/regfile.vhd'.
===============================================================================
|    Register Name    |   Type    | Width | Bus | MB | AR | AS | SR | SS | ST |
===============================================================================
|      regs_reg       | Flip-flop |  256  |  Y  | N  | Y  | N  | N  | N  | N  |
===============================================================================
Presto compilation completed successfully.
Information: Building the design 'alu' instantiated from design 'datapath' with
	the parameters "DATA_SIZE_BITS=16". (HDL-193)
Presto compilation completed successfully.
Information: Building the design 'flex_counter' instantiated from design 'counter' with
	the parameters "NUM_CNT_BITS=10". (HDL-193)

Inferred memory devices in process
	in routine flex_counter_NUM_CNT_BITS10 line 25 in file
		'./source/flex_counter.sv'.
===============================================================================
|    Register Name    |   Type    | Width | Bus | MB | AR | AS | SR | SS | ST |
===============================================================================
|  rollover_flag_reg  | Flip-flop |   1   |  N  | N  | Y  | N  | N  | N  | N  |
|    count_out_reg    | Flip-flop |  10   |  Y  | N  | Y  | N  | N  | N  | N  |
===============================================================================
Presto compilation completed successfully.
Information: Building the design 'scalable_cla_addr' instantiated from design 'alu_DATA_SIZE_BITS16' with
	the parameters "NUM_CLA_BLKS=4,CLA_BLK_SIZE_BITS=4". (HDL-193)
Presto compilation completed successfully.
Information: Building the design 'scalable_cla_block' instantiated from design 'scalable_cla_addr_NUM_CLA_BLKS4_CLA_BLK_SIZE_BITS4' with
	the parameters "CLA_BLK_SIZE_BITS=4". (HDL-193)
Presto compilation completed successfully.
1
dc_shell> dc_shell> Information: Uniquified 4 instances of design 'scalable_cla_block_CLA_BLK_SIZE_BITS4'. (OPT-1056)
1
dc_shell> dc_shell> dc_shell> dc_shell> dc_shell> dc_shell> 1
dc_shell> dc_shell> dc_shell> Information: Checking out the license 'DesignWare'. (SEC-104)
Information: Evaluating DesignWare library utilization. (UISN-27)

============================================================================
| DesignWare Building Block Library  |         Version         | Available |
============================================================================
| Basic DW Building Blocks           | G-2012.06-DWBB_201206.0 |     *     |
| Licensed DW Building Blocks        | G-2012.06-DWBB_201206.0 |     *     |
============================================================================


Information: There are 35 potential problems in your design. Please run 'check_design' for more information. (LINT-99)



  Beginning Pass 1 Mapping
  ------------------------
  Processing 'flex_counter_NUM_CNT_BITS10'
Information: Added key list 'DesignWare' to design 'flex_counter_NUM_CNT_BITS10'. (DDB-72)
  Processing 'counter'
  Processing 'scalable_cla_block_CLA_BLK_SIZE_BITS4_0'
  Processing 'scalable_cla_addr_NUM_CLA_BLKS4_CLA_BLK_SIZE_BITS4'
  Processing 'alu_DATA_SIZE_BITS16'
  Processing 'regfile_NUM_REG_ADDR_BITS4_REG_SIZE_BITS16'
  Processing 'datapath_ctrl'
  Processing 'datapath'
  Processing 'controller'
  Processing 'sync'
  Processing 'avg_four'

  Updating timing information
Information: Updating design information... (UID-85)

  Beginning Implementation Selection
  ----------------------------------
  Processing 'flex_counter_NUM_CNT_BITS10_DW01_inc_0'
  Processing 'flex_counter_NUM_CNT_BITS10_DW01_sub_0'

  Beginning Mapping Optimizations  (Medium effort)
  -------------------------------
  Mapping Optimization (Phase 1)
  Mapping Optimization (Phase 2)
  Mapping Optimization (Phase 3)
  Mapping Optimization (Phase 4)
  Mapping Optimization (Phase 5)

   ELAPSED            WORST NEG TOTAL NEG  DESIGN                            
    TIME      AREA      SLACK     SLACK   RULE COST         ENDPOINT         
  --------- --------- --------- --------- --------- -------------------------
    0:00:20  940932.0      2.08     246.0       0.0                          
    0:00:20  940932.0      2.08     246.0       0.0                          
    0:00:20  940932.0      2.08     246.0       0.0                          
    0:00:20  940932.0      2.08     246.0       0.0                          
    0:00:20  940932.0      2.08     246.0       0.0                          
    0:00:20  940932.0      2.08     246.0       0.0                          
    0:00:21  924300.0      2.20     251.5       0.0                          
    0:00:21  922572.0      2.14     247.4       0.0                          
    0:00:21  922644.0      2.11     246.5       0.0                          
    0:00:21  923184.0      2.08     244.3       0.0                          
    0:00:21  923688.0      2.04     239.4       0.0                          
    0:00:21  923688.0      2.04     239.4       0.0                          
    0:00:21  923688.0      2.04     239.4       0.0                          
    0:00:21  923688.0      2.04     239.4       0.0                          
    0:00:21  923688.0      2.04     239.4       0.0                          
    0:00:21  923688.0      2.04     239.4       0.0                          
    0:00:21  923688.0      2.04     239.4       0.0                          
    0:00:21  923688.0      2.04     239.4       0.0                          



  Beginning Delay Optimization Phase
  ----------------------------------

   ELAPSED            WORST NEG TOTAL NEG  DESIGN                            
    TIME      AREA      SLACK     SLACK   RULE COST         ENDPOINT         
  --------- --------- --------- --------- --------- -------------------------
    0:00:21  923688.0      2.04     239.4       0.0                          
    0:00:22  924264.0      1.93     226.5       0.0 DATA/REG_FILE/regs_reg[0][13]/D
    0:00:22  925128.0      1.87     217.9       0.0 DATA/REG_FILE/regs_reg[1][11]/D
    0:00:22  926784.0      1.83     215.3       0.0 DATA/REG_FILE/regs_reg[0][13]/D
    0:00:22  927216.0      1.82     214.1       0.0 DATA/REG_FILE/regs_reg[0][13]/D
    0:00:23  929736.0      1.79     210.6       0.0 DATA/REG_FILE/regs_reg[1][11]/D
    0:00:23  930024.0      1.77     209.6       0.0 DATA/REG_FILE/regs_reg[0][13]/D
    0:00:23  930600.0      1.74     207.5       0.0 DATA/REG_FILE/regs_reg[0][13]/D
    0:00:23  931032.0      1.74     205.8       0.0 DATA/REG_FILE/regs_reg[1][11]/D
    0:00:23  932697.0      1.71     200.1       0.0 DATA/REG_FILE/regs_reg[1][11]/D
    0:00:24  933129.0      1.70     198.8       0.0 DATA/REG_FILE/regs_reg[0][13]/D
    0:00:24  933993.0      1.66     195.9       0.0 DATA/REG_FILE/regs_reg[1][15]/D
    0:00:24  934065.0      1.64     194.0       0.0 DATA/REG_FILE/regs_reg[0][13]/D
    0:00:24  934785.0      1.61     191.7       0.0 DATA/REG_FILE/regs_reg[2][15]/D
    0:00:24  935649.0      1.60     190.1       0.0 DATA/REG_FILE/regs_reg[0][15]/D
    0:00:25  937278.0      1.59     188.6       0.0 DATA/REG_FILE/regs_reg[0][15]/D
    0:00:25  938106.0      1.57     186.3       0.0 DATA/REG_FILE/regs_reg[2][8]/D
    0:00:25  938538.0      1.56     186.0       0.0 DATA/REG_FILE/regs_reg[0][13]/D
    0:00:25  938826.0      1.54     183.1       0.0 DATA/REG_FILE/regs_reg[0][15]/D
    0:00:25  938826.0      1.53     182.3       0.0 DATA/REG_FILE/regs_reg[5][11]/D
    0:00:25  938898.0      1.53     181.6       0.0 DATA/REG_FILE/regs_reg[0][13]/D
    0:00:26  939330.0      1.53     181.2       0.0 DATA/REG_FILE/regs_reg[0][13]/D
    0:00:26  939762.0      1.51     180.5       0.0 DATA/REG_FILE/regs_reg[0][13]/D
    0:00:26  940482.0      1.51     180.2       0.0 DATA/REG_FILE/regs_reg[0][13]/D
    0:00:26  940770.0      1.50     181.0       0.0 DATA/REG_FILE/regs_reg[1][11]/D
    0:00:26  940986.0      1.50     180.4       0.0 DATA/REG_FILE/regs_reg[0][15]/D
    0:00:26  940914.0      1.49     180.4       0.0 DATA/REG_FILE/regs_reg[2][8]/D
    0:00:27  940914.0      1.49     180.1       0.0 DATA/REG_FILE/regs_reg[1][11]/D
    0:00:27  941274.0      1.48     180.0       0.0 DATA/REG_FILE/regs_reg[0][13]/D
    0:00:27  941418.0      1.48     180.4       0.0 DATA/REG_FILE/regs_reg[1][11]/D
    0:00:27  941706.0      1.48     177.9       0.0 DATA/REG_FILE/regs_reg[0][13]/D
    0:00:27  943074.0      1.47     178.8       0.0 DATA/REG_FILE/regs_reg[0][13]/D
    0:00:27  943650.0      1.47     177.8       0.0 DATA/REG_FILE/regs_reg[0][13]/D
    0:00:28  943866.0      1.47     177.5       0.0 DATA/REG_FILE/regs_reg[0][13]/D
    0:00:28  943866.0      1.47     177.4       0.0 DATA/REG_FILE/regs_reg[0][15]/D
    0:00:28  944154.0      1.46     176.6       0.0 DATA/REG_FILE/regs_reg[0][15]/D
    0:00:28  945162.0      1.46     176.4       0.0 DATA/REG_FILE/regs_reg[0][15]/D
    0:00:28  945162.0      1.45     176.4       0.0 DATA/REG_FILE/regs_reg[0][15]/D
    0:00:29  946530.0      1.45     175.7       0.0 DATA/REG_FILE/regs_reg[0][15]/D
    0:00:29  946746.0      1.45     174.9       0.0 DATA/REG_FILE/regs_reg[0][11]/D
    0:00:29  947466.0      1.42     173.3       0.0 DATA/REG_FILE/regs_reg[0][15]/D
    0:00:29  947754.0      1.41     173.1       0.0 DATA/REG_FILE/regs_reg[0][15]/D
    0:00:30  948618.0      1.41     172.1       0.0 DATA/REG_FILE/regs_reg[0][15]/D
    0:00:30  948609.0      1.41     172.0       0.0                          
    0:00:31  948609.0      1.41     172.0       0.0                          
    0:00:31  948465.0      1.41     172.4       0.0                          
    0:00:31  948897.0      1.41     172.0       0.0                          
    0:00:31  949617.0      1.40     171.4       0.0                          
    0:00:31  949761.0      1.39     171.2       0.0                          
    0:00:31  950481.0      1.39     170.7       0.0                          
    0:00:31  950553.0      1.39     169.5       0.0                          
    0:00:32  950985.0      1.39     168.7       0.0                          
    0:00:32  951201.0      1.39     168.0       0.0                          
    0:00:32  951129.0      1.39     167.7       0.0                          
    0:00:32  951273.0      1.39     167.7       0.0                          
    0:00:32  951273.0      1.39     167.6       0.0                          
    0:00:32  952137.0      1.39     167.1       0.0                          
    0:00:32  952857.0      1.39     166.7       0.0                          
    0:00:33  953073.0      1.39     166.7       0.0                          
    0:00:33  953505.0      1.39     166.1       0.0                          
    0:00:33  953064.0      1.39     165.9       0.0                          


  Beginning Area-Recovery Phase  (cleanup)
  -----------------------------

   ELAPSED            WORST NEG TOTAL NEG  DESIGN                            
    TIME      AREA      SLACK     SLACK   RULE COST         ENDPOINT         
  --------- --------- --------- --------- --------- -------------------------
    0:00:33  953064.0      1.39     165.9       0.0                          
    0:00:33  953064.0      1.39     165.9       0.0                          
    0:00:33  953064.0      1.39     165.9       0.0                          
    0:00:33  943704.0      1.42     168.9       0.0                          
    0:00:34  941544.0      1.42     169.5       0.0                          
    0:00:34  940968.0      1.42     169.5       0.0                          
    0:00:34  940824.0      1.42     169.5       0.0                          
    0:00:34  940680.0      1.42     169.5       0.0                          
    0:00:34  940680.0      1.42     169.5       0.0                          
    0:00:34  940680.0      1.42     169.5       0.0                          
    0:00:34  940680.0      1.42     169.5       0.0                          
    0:00:34  940680.0      1.42     169.5       0.0                          
    0:00:34  939384.0      1.43     171.9       0.0                          
    0:00:34  939312.0      1.43     171.9       0.0                          
    0:00:34  939312.0      1.43     171.9       0.0                          
    0:00:34  939312.0      1.43     171.9       0.0                          
    0:00:34  939312.0      1.43     171.9       0.0                          
    0:00:34  939312.0      1.43     171.9       0.0                          
    0:00:34  939312.0      1.43     171.9       0.0                          
    0:00:34  939312.0      1.43     171.9       0.0                          
    0:00:34  939672.0      1.42     171.2       0.0 DATA/REG_FILE/regs_reg[0][15]/D
    0:00:34  939672.0      1.40     169.8       0.0 DATA/REG_FILE/regs_reg[0][15]/D
    0:00:35  939600.0      1.40     169.8       0.0                          
    0:00:35  938160.0      1.40     169.8       0.0                          
    0:00:35  936792.0      1.40     169.6       0.0                          
    0:00:36  937080.0      1.40     168.9       0.0                          
    0:00:36  937368.0      1.40     168.6       0.0                          
    0:00:36  937368.0      1.40     168.2       0.0                          
    0:00:36  937656.0      1.39     167.9       0.0                          
    0:00:36  937800.0      1.39     167.8       0.0                          
    0:00:37  937656.0      1.39     167.7       0.0                          
    0:00:37  937656.0      1.39     167.2       0.0                          
    0:00:37  937800.0      1.39     167.0       0.0                          
    0:00:37  937800.0      1.39     166.8       0.0                          
    0:00:37  938088.0      1.39     168.8       0.0 DATA/REG_FILE/regs_reg[0][14]/D
    0:00:37  938088.0      1.39     168.7       0.0 DATA/REG_FILE/regs_reg[0][14]/D
    0:00:37  938556.0      1.39     168.0       0.0 DATA/REG_FILE/regs_reg[0][14]/D
    0:00:37  938844.0      1.38     167.9       0.0 DATA/REG_FILE/regs_reg[6][13]/D
    0:00:38  938844.0      1.38     167.9       0.0 DATA/REG_FILE/regs_reg[6][13]/D
    0:00:38  938988.0      1.37     167.8       0.0 DATA/REG_FILE/regs_reg[0][14]/D
    0:00:38  939204.0      1.37     164.5       0.0 DATA/REG_FILE/regs_reg[6][15]/D
    0:00:38  939636.0      1.37     164.4       0.0 DATA/REG_FILE/regs_reg[6][13]/D
    0:00:38  939636.0      1.37     164.4       0.0 DATA/REG_FILE/regs_reg[6][15]/D
Loading db file '/package/eda/cells/OSU/v2.7/synopsys/lib/ami05/osu05_stdcells.db'

  Optimization Complete
  ---------------------
1
dc_shell> dc_shell> dc_shell> dc_shell> dc_shell> dc_shell> dc_shell> dc_shell> Writing verilog file '/home/ecegrid/a/mg22/ece337/Lab4/mapped/avg_four.v'.
Warning: Verilog 'assign' or 'tran' statements are written out. (VO-4)
Warning: Verilog writer has added 5 nets to module avg_four using SYNOPSYS_UNCONNECTED_ as prefix.  Please use the change_names command to make the correct changes before invoking the verilog writer.  (VO-11)
1
dc_shell> 
Script Done

dc_shell> 
Checking Design

dc_shell>  
****************************************
check_design summary:
Version:     G-2012.06
Date:        Tue Feb 10 02:08:10 2015
****************************************

                   Name                                            Total
--------------------------------------------------------------------------------
Inputs/Outputs                                                     10
    Unconnected ports (LINT-28)                                     2
    Shorted outputs (LINT-31)                                       3
    Constant outputs (LINT-52)                                      5

Cells                                                              18
    Connected to power or ground (LINT-32)                         16
    Nets connected to multiple pins on same cell (LINT-33)          2
--------------------------------------------------------------------------------

Warning: In design 'flex_counter_NUM_CNT_BITS10_DW01_sub_1', port 'CI' is not connected to any nets. (LINT-28)
Warning: In design 'flex_counter_NUM_CNT_BITS10_DW01_sub_1', port 'CO' is not connected to any nets. (LINT-28)
Warning: In design 'avg_four', output port 'avg_out[15]' is connected directly to output port 'avg_out[14]'. (LINT-31)
Warning: In design 'controller', output port 'src1[3]' is connected directly to output port 'dest[3]'. (LINT-31)
Warning: In design 'controller', output port 'src1[3]' is connected directly to output port 'src2[3]'. (LINT-31)
Warning: In design 'avg_four', a pin on submodule 'DATA' is connected to logic 1 or logic 0. (LINT-32)
   Pin 'src1[3]' is connected to logic 0. 
Warning: In design 'avg_four', a pin on submodule 'DATA' is connected to logic 1 or logic 0. (LINT-32)
   Pin 'src2[3]' is connected to logic 0. 
Warning: In design 'avg_four', a pin on submodule 'DATA' is connected to logic 1 or logic 0. (LINT-32)
   Pin 'dest[3]' is connected to logic 0. 
Warning: In design 'counter', a pin on submodule 'A0' is connected to logic 1 or logic 0. (LINT-32)
   Pin 'clear' is connected to logic 0. 
Warning: In design 'counter', a pin on submodule 'A0' is connected to logic 1 or logic 0. (LINT-32)
   Pin 'rollover_val[9]' is connected to logic 1. 
Warning: In design 'counter', a pin on submodule 'A0' is connected to logic 1 or logic 0. (LINT-32)
   Pin 'rollover_val[8]' is connected to logic 1. 
Warning: In design 'counter', a pin on submodule 'A0' is connected to logic 1 or logic 0. (LINT-32)
   Pin 'rollover_val[7]' is connected to logic 1. 
Warning: In design 'counter', a pin on submodule 'A0' is connected to logic 1 or logic 0. (LINT-32)
   Pin 'rollover_val[6]' is connected to logic 1. 
Warning: In design 'counter', a pin on submodule 'A0' is connected to logic 1 or logic 0. (LINT-32)
   Pin 'rollover_val[5]' is connected to logic 1. 
Warning: In design 'counter', a pin on submodule 'A0' is connected to logic 1 or logic 0. (LINT-32)
   Pin 'rollover_val[4]' is connected to logic 0. 
Warning: In design 'counter', a pin on submodule 'A0' is connected to logic 1 or logic 0. (LINT-32)
   Pin 'rollover_val[3]' is connected to logic 1. 
Warning: In design 'counter', a pin on submodule 'A0' is connected to logic 1 or logic 0. (LINT-32)
   Pin 'rollover_val[2]' is connected to logic 0. 
Warning: In design 'counter', a pin on submodule 'A0' is connected to logic 1 or logic 0. (LINT-32)
   Pin 'rollover_val[1]' is connected to logic 0. 
Warning: In design 'counter', a pin on submodule 'A0' is connected to logic 1 or logic 0. (LINT-32)
   Pin 'rollover_val[0]' is connected to logic 0. 
Warning: In design 'alu_DATA_SIZE_BITS16', a pin on submodule 'CLA_ADDR' is connected to logic 1 or logic 0. (LINT-32)
   Pin 'Cin' is connected to logic 0. 
Warning: In design 'flex_counter_NUM_CNT_BITS10', a pin on submodule 'sub_49' is connected to logic 1 or logic 0. (LINT-32)
   Pin 'CI' is connected to logic 0. 
Warning: In design 'counter', the same net is connected to more than one pin on submodule 'A0'. (LINT-33)
   Net '*Logic0*' is connected to pins 'clear', 'rollover_val[4]'', 'rollover_val[2]', 'rollover_val[1]', 'rollover_val[0]'.
Warning: In design 'counter', the same net is connected to more than one pin on submodule 'A0'. (LINT-33)
   Net '*Logic1*' is connected to pins 'rollover_val[9]', 'rollover_val[8]'', 'rollover_val[7]', 'rollover_val[6]', 'rollover_val[5]', 'rollover_val[3]'.
Warning: In design 'avg_four', output port 'avg_out[15]' is connected directly to 'logic 0'. (LINT-52)
Warning: In design 'avg_four', output port 'avg_out[14]' is connected directly to 'logic 0'. (LINT-52)
Warning: In design 'controller', output port 'src1[3]' is connected directly to 'logic 0'. (LINT-52)
Warning: In design 'controller', output port 'src2[3]' is connected directly to 'logic 0'. (LINT-52)
Warning: In design 'controller', output port 'dest[3]' is connected directly to 'logic 0'. (LINT-52)
1
dc_shell> 
Thank you...
Done


