Synthesizing design: i2c_slave.sv

                      Design Compiler Graphical
                            DC Ultra (TM)
                             DFTMAX (TM)
                         Power Compiler (TM)
                           DesignWare (R)
                           DC Expert (TM)
                         Design Vision (TM)
                          HDL Compiler (TM)
                         VHDL Compiler (TM)
                            DFT Compiler
                        Library Compiler (TM)
                         Design Compiler(R)

            Version G-2012.06 for RHEL64 -- May 30, 2012
               Copyright (c) 1988-2012 Synopsys, Inc.

This software and the associated documentation are confidential and 
proprietary to Synopsys, Inc. Your use or disclosure of this software 
is subject to the terms and conditions of a written license agreement 
between you, or your company, and Synopsys, Inc.

Initializing...
dc_shell> dc_shell> Running PRESTO HDLC
Searching for ./scl_edge.sv
Searching for /package/eda/synopsys/syn-G-2012.06/libraries/syn/scl_edge.sv
Searching for /package/eda/synopsys/syn-G-2012.06/dw/sim_ver/scl_edge.sv
Searching for ./source/scl_edge.sv
Searching for ./sda_sel.sv
Searching for /package/eda/synopsys/syn-G-2012.06/libraries/syn/sda_sel.sv
Searching for /package/eda/synopsys/syn-G-2012.06/dw/sim_ver/sda_sel.sv
Searching for ./source/sda_sel.sv
Searching for ./decode.sv
Searching for /package/eda/synopsys/syn-G-2012.06/libraries/syn/decode.sv
Searching for /package/eda/synopsys/syn-G-2012.06/dw/sim_ver/decode.sv
Searching for ./source/decode.sv
Searching for ./tx_fifo.sv
Searching for /package/eda/synopsys/syn-G-2012.06/libraries/syn/tx_fifo.sv
Searching for /package/eda/synopsys/syn-G-2012.06/dw/sim_ver/tx_fifo.sv
Searching for ./source/tx_fifo.sv
Searching for ./tx_sr.sv
Searching for /package/eda/synopsys/syn-G-2012.06/libraries/syn/tx_sr.sv
Searching for /package/eda/synopsys/syn-G-2012.06/dw/sim_ver/tx_sr.sv
Searching for ./source/tx_sr.sv
Searching for ./rx_sr.sv
Searching for /package/eda/synopsys/syn-G-2012.06/libraries/syn/rx_sr.sv
Searching for /package/eda/synopsys/syn-G-2012.06/dw/sim_ver/rx_sr.sv
Searching for ./source/rx_sr.sv
Searching for ./controller.sv
Searching for /package/eda/synopsys/syn-G-2012.06/libraries/syn/controller.sv
Searching for /package/eda/synopsys/syn-G-2012.06/dw/sim_ver/controller.sv
Searching for ./source/controller.sv
Searching for ./timer.sv
Searching for /package/eda/synopsys/syn-G-2012.06/libraries/syn/timer.sv
Searching for /package/eda/synopsys/syn-G-2012.06/dw/sim_ver/timer.sv
Searching for ./source/timer.sv
Searching for ./sync.sv
Searching for /package/eda/synopsys/syn-G-2012.06/libraries/syn/sync.sv
Searching for /package/eda/synopsys/syn-G-2012.06/dw/sim_ver/sync.sv
Searching for ./source/sync.sv
Searching for ./flex_counter.sv
Searching for /package/eda/synopsys/syn-G-2012.06/libraries/syn/flex_counter.sv
Searching for /package/eda/synopsys/syn-G-2012.06/dw/sim_ver/flex_counter.sv
Searching for ./source/flex_counter.sv
Searching for ./flex_stp_sr.sv
Searching for /package/eda/synopsys/syn-G-2012.06/libraries/syn/flex_stp_sr.sv
Searching for /package/eda/synopsys/syn-G-2012.06/dw/sim_ver/flex_stp_sr.sv
Searching for ./source/flex_stp_sr.sv
Searching for ./flex_pts_sr.sv
Searching for /package/eda/synopsys/syn-G-2012.06/libraries/syn/flex_pts_sr.sv
Searching for /package/eda/synopsys/syn-G-2012.06/dw/sim_ver/flex_pts_sr.sv
Searching for ./source/flex_pts_sr.sv
Searching for ./i2c_slave.sv
Searching for /package/eda/synopsys/syn-G-2012.06/libraries/syn/i2c_slave.sv
Searching for /package/eda/synopsys/syn-G-2012.06/dw/sim_ver/i2c_slave.sv
Searching for ./source/i2c_slave.sv
Compiling source file ./source/scl_edge.sv
Compiling source file ./source/sda_sel.sv
Compiling source file ./source/decode.sv
Compiling source file ./source/tx_fifo.sv
Compiling source file ./source/tx_sr.sv
Compiling source file ./source/rx_sr.sv
Compiling source file ./source/controller.sv
Compiling source file ./source/timer.sv
Compiling source file ./source/sync.sv
Compiling source file ./source/flex_counter.sv
Compiling source file ./source/flex_stp_sr.sv
Compiling source file ./source/flex_pts_sr.sv
Compiling source file ./source/i2c_slave.sv
Presto compilation completed successfully.
Loading db file '/package/eda/cells/OSU/v2.7/synopsys/lib/ami05/osu05_stdcells.db'
Loading db file '/package/eda/synopsys/syn-G-2012.06/libraries/syn/dw_foundation.sldb'
1
dc_shell> Loading db file '/package/eda/synopsys/syn-G-2012.06/libraries/syn/gtech.db'
Loading db file '/package/eda/synopsys/syn-G-2012.06/libraries/syn/standard.sldb'
  Loading link library 'osu05_stdcells'
  Loading link library 'gtech'
Running PRESTO HDLC
Presto compilation completed successfully.
Elaborated 1 design.
Current design is now 'i2c_slave'.
Information: Building the design 'sync'. (HDL-193)

Inferred memory devices in process
	in routine sync line 19 in file
		'./source/sync.sv'.
===============================================================================
|    Register Name    |   Type    | Width | Bus | MB | AR | AS | SR | SS | ST |
===============================================================================
|      temp2_reg      | Flip-flop |   1   |  N  | N  | Y  | N  | N  | N  | N  |
===============================================================================
Presto compilation completed successfully.
Information: Building the design 'controller'. (HDL-193)

Statistics for case statements in always block at line 66 in file
	'./source/controller.sv'
===============================================
|           Line           |  full/ parallel  |
===============================================
|            69            |    auto/auto     |
===============================================

Statistics for case statements in always block at line 182 in file
	'./source/controller.sv'
===============================================
|           Line           |  full/ parallel  |
===============================================
|           186            |    auto/auto     |
===============================================

Inferred memory devices in process
	in routine controller line 44 in file
		'./source/controller.sv'.
===============================================================================
|    Register Name    |   Type    | Width | Bus | MB | AR | AS | SR | SS | ST |
===============================================================================
|      state_reg      | Flip-flop |   4   |  Y  | N  | Y  | N  | N  | N  | N  |
===============================================================================
Presto compilation completed successfully.
Information: Building the design 'scl_edge'. (HDL-193)

Inferred memory devices in process
	in routine scl_edge line 20 in file
		'./source/scl_edge.sv'.
===============================================================================
|    Register Name    |   Type    | Width | Bus | MB | AR | AS | SR | SS | ST |
===============================================================================
|      fall_reg       | Flip-flop |   1   |  N  | N  | N  | Y  | N  | N  | N  |
|      rise_reg       | Flip-flop |   1   |  N  | N  | N  | Y  | N  | N  | N  |
===============================================================================
Presto compilation completed successfully.
Information: Building the design 'sda_sel'. (HDL-193)
Warning:  ./source/sda_sel.sv:17: DEFAULT branch of CASE statement cannot be reached. (ELAB-311)

Statistics for case statements in always block at line 15 in file
	'./source/sda_sel.sv'
===============================================
|           Line           |  full/ parallel  |
===============================================
|            17            |    auto/auto     |
===============================================
Presto compilation completed successfully.
Information: Building the design 'tx_fifo'. (HDL-193)
Presto compilation completed successfully.
Information: Building the design 'decode'. (HDL-193)

Inferred memory devices in process
	in routine decode line 26 in file
		'./source/decode.sv'.
===============================================================================
|    Register Name    |   Type    | Width | Bus | MB | AR | AS | SR | SS | ST |
===============================================================================
|   start_found_reg   | Flip-flop |   1   |  N  | N  | Y  | N  | N  | N  | N  |
|       sc1_reg       | Flip-flop |   1   |  N  | N  | Y  | N  | N  | N  | N  |
|       sc2_reg       | Flip-flop |   1   |  N  | N  | Y  | N  | N  | N  | N  |
|       sd1_reg       | Flip-flop |   1   |  N  | N  | Y  | N  | N  | N  | N  |
|       sd2_reg       | Flip-flop |   1   |  N  | N  | Y  | N  | N  | N  | N  |
|  address_match_reg  | Flip-flop |   1   |  N  | N  | Y  | N  | N  | N  | N  |
|     rw_mode_reg     | Flip-flop |   1   |  N  | N  | Y  | N  | N  | N  | N  |
|   stop_found_reg    | Flip-flop |   1   |  N  | N  | Y  | N  | N  | N  | N  |
===============================================================================
Presto compilation completed successfully.
Information: Building the design 'rx_sr'. (HDL-193)
Presto compilation completed successfully.
Information: Building the design 'tx_sr'. (HDL-193)
Presto compilation completed successfully.
Information: Building the design 'timer'. (HDL-193)
Presto compilation completed successfully.
Information: Building the design 'fifo'. (HDL-193)
Presto compilation completed successfully.
Information: Building the design 'flex_stp_sr' instantiated from design 'rx_sr' with
	the parameters "NUM_BITS=8,SHIFT_MSB=1". (HDL-193)
Warning:  ./source/flex_stp_sr.sv:41: Statement unreachable (Branch condition impossible to meet).  (VER-61)

Inferred memory devices in process
	in routine flex_stp_sr_NUM_BITS8_SHIFT_MSB1 line 22 in file
		'./source/flex_stp_sr.sv'.
===============================================================================
|    Register Name    |   Type    | Width | Bus | MB | AR | AS | SR | SS | ST |
===============================================================================
|  parallel_out_reg   | Flip-flop |   8   |  Y  | N  | N  | Y  | N  | N  | N  |
===============================================================================
Presto compilation completed successfully.
Information: Building the design 'flex_pts_sr' instantiated from design 'tx_sr' with
	the parameters "NUM_BITS=8,SHIFT_MSB=1". (HDL-193)
Warning:  ./source/flex_pts_sr.sv:59: Statement unreachable (Branch condition impossible to meet).  (VER-61)

Inferred memory devices in process
	in routine flex_pts_sr_NUM_BITS8_SHIFT_MSB1 line 27 in file
		'./source/flex_pts_sr.sv'.
===============================================================================
|    Register Name    |   Type    | Width | Bus | MB | AR | AS | SR | SS | ST |
===============================================================================
|      temp_reg       | Flip-flop |   8   |  Y  | N  | N  | Y  | N  | N  | N  |
===============================================================================
Presto compilation completed successfully.
Information: Building the design 'flex_counter' instantiated from design 'timer' with
	the parameters "NUM_CNT_BITS=4". (HDL-193)

Inferred memory devices in process
	in routine flex_counter_NUM_CNT_BITS4 line 44 in file
		'./source/flex_counter.sv'.
===============================================================================
|    Register Name    |   Type    | Width | Bus | MB | AR | AS | SR | SS | ST |
===============================================================================
|    rolltemp_reg     | Flip-flop |   1   |  N  | N  | N  | N  | N  | N  | N  |
|     Q_state_reg     | Flip-flop |   4   |  Y  | N  | Y  | N  | N  | N  | N  |
===============================================================================
Presto compilation completed successfully.
Information: Building the design 'fiforam'. (HDL-193)

Inferred memory devices in process
	in routine fiforam line 48 in file
		'./Course_IP_VHDL/Fifo/source/fiforam.vhd'.
===============================================================================
|    Register Name    |   Type    | Width | Bus | MB | AR | AS | SR | SS | ST |
===============================================================================
|     fiforeg_reg     | Flip-flop |  64   |  Y  | N  | N  | N  | N  | N  | N  |
===============================================================================
Presto compilation completed successfully.
Information: Building the design 'write_fifo_ctrl'. (HDL-193)

Inferred memory devices in process
	in routine write_fifo_ctrl line 76 in file
		'./Course_IP_VHDL/Fifo/source/write_fifo_ctrl.vhd'.
===============================================================================
|    Register Name    |   Type    | Width | Bus | MB | AR | AS | SR | SS | ST |
===============================================================================
|    wrptr_r1_reg     | Flip-flop |   4   |  Y  | N  | Y  | N  | N  | N  | N  |
|    wrptr_r2_reg     | Flip-flop |   4   |  Y  | N  | Y  | N  | N  | N  | N  |
===============================================================================

Inferred memory devices in process
	in routine write_fifo_ctrl line 102 in file
		'./Course_IP_VHDL/Fifo/source/write_fifo_ctrl.vhd'.
===============================================================================
|    Register Name    |   Type    | Width | Bus | MB | AR | AS | SR | SS | ST |
===============================================================================
|   full_flag_r_reg   | Flip-flop |   1   |  N  | N  | Y  | N  | N  | N  | N  |
===============================================================================

Inferred memory devices in process
	in routine write_fifo_ctrl line 115 in file
		'./Course_IP_VHDL/Fifo/source/write_fifo_ctrl.vhd'.
===============================================================================
|    Register Name    |   Type    | Width | Bus | MB | AR | AS | SR | SS | ST |
===============================================================================
|      waddr_reg      | Flip-flop |   3   |  Y  | N  | Y  | N  | N  | N  | N  |
===============================================================================
Presto compilation completed successfully.
Information: Building the design 'read_fifo_ctrl'. (HDL-193)

Inferred memory devices in process
	in routine read_fifo_ctrl line 75 in file
		'./Course_IP_VHDL/Fifo/source/read_fifo_ctrl.vhd'.
===============================================================================
|    Register Name    |   Type    | Width | Bus | MB | AR | AS | SR | SS | ST |
===============================================================================
|    rwptr_r1_reg     | Flip-flop |   4   |  Y  | N  | Y  | N  | N  | N  | N  |
|    rwptr_r2_reg     | Flip-flop |   4   |  Y  | N  | Y  | N  | N  | N  | N  |
===============================================================================

Inferred memory devices in process
	in routine read_fifo_ctrl line 100 in file
		'./Course_IP_VHDL/Fifo/source/read_fifo_ctrl.vhd'.
===============================================================================
|    Register Name    |   Type    | Width | Bus | MB | AR | AS | SR | SS | ST |
===============================================================================
|  empty_flag_r_reg   | Flip-flop |   1   |  N  | N  | N  | Y  | N  | N  | N  |
===============================================================================

Inferred memory devices in process
	in routine read_fifo_ctrl line 114 in file
		'./Course_IP_VHDL/Fifo/source/read_fifo_ctrl.vhd'.
===============================================================================
|    Register Name    |   Type    | Width | Bus | MB | AR | AS | SR | SS | ST |
===============================================================================
|      raddr_reg      | Flip-flop |   3   |  Y  | N  | Y  | N  | N  | N  | N  |
===============================================================================
Presto compilation completed successfully.
Information: Building the design 'write_ptr'. (HDL-193)

Inferred memory devices in process
	in routine write_ptr line 79 in file
		'./Course_IP_VHDL/Fifo/source/write_ptr.vhd'.
===============================================================================
|    Register Name    |   Type    | Width | Bus | MB | AR | AS | SR | SS | ST |
===============================================================================
|    binary_r_reg     | Flip-flop |   4   |  Y  | N  | Y  | N  | N  | N  | N  |
===============================================================================

Inferred memory devices in process
	in routine write_ptr line 89 in file
		'./Course_IP_VHDL/Fifo/source/write_ptr.vhd'.
===============================================================================
|    Register Name    |   Type    | Width | Bus | MB | AR | AS | SR | SS | ST |
===============================================================================
|     gray_r_reg      | Flip-flop |   4   |  Y  | N  | Y  | N  | N  | N  | N  |
===============================================================================
Presto compilation completed successfully.
Information: Building the design 'read_ptr'. (HDL-193)

Inferred memory devices in process
	in routine read_ptr line 79 in file
		'./Course_IP_VHDL/Fifo/source/read_ptr.vhd'.
===============================================================================
|    Register Name    |   Type    | Width | Bus | MB | AR | AS | SR | SS | ST |
===============================================================================
|    binary_r_reg     | Flip-flop |   4   |  Y  | N  | Y  | N  | N  | N  | N  |
===============================================================================

Inferred memory devices in process
	in routine read_ptr line 89 in file
		'./Course_IP_VHDL/Fifo/source/read_ptr.vhd'.
===============================================================================
|    Register Name    |   Type    | Width | Bus | MB | AR | AS | SR | SS | ST |
===============================================================================
|     gray_r_reg      | Flip-flop |   4   |  Y  | N  | Y  | N  | N  | N  | N  |
===============================================================================
Presto compilation completed successfully.
1
dc_shell> dc_shell> Information: Uniquified 2 instances of design 'sync'. (OPT-1056)
1
dc_shell> dc_shell> dc_shell> dc_shell> dc_shell> dc_shell> 1
dc_shell> dc_shell> dc_shell> Information: Checking out the license 'DesignWare'. (SEC-104)
Information: Evaluating DesignWare library utilization. (UISN-27)

============================================================================
| DesignWare Building Block Library  |         Version         | Available |
============================================================================
| Basic DW Building Blocks           | G-2012.06-DWBB_201206.0 |     *     |
| Licensed DW Building Blocks        | G-2012.06-DWBB_201206.0 |     *     |
============================================================================


Information: There are 12 potential problems in your design. Please run 'check_design' for more information. (LINT-99)



  Beginning Pass 1 Mapping
  ------------------------
  Processing 'flex_counter_NUM_CNT_BITS4'
Information: Added key list 'DesignWare' to design 'flex_counter_NUM_CNT_BITS4'. (DDB-72)
  Processing 'timer'
  Processing 'flex_pts_sr_NUM_BITS8_SHIFT_MSB1'
  Processing 'tx_sr'
  Processing 'flex_stp_sr_NUM_BITS8_SHIFT_MSB1'
  Processing 'rx_sr'
  Processing 'decode'
  Processing 'read_ptr'
  Processing 'read_fifo_ctrl'
Information: Added key list 'DesignWare' to design 'read_fifo_ctrl'. (DDB-72)
  Processing 'write_ptr'
  Processing 'write_fifo_ctrl'
Information: Added key list 'DesignWare' to design 'write_fifo_ctrl'. (DDB-72)
  Processing 'fiforam'
  Processing 'fifo'
  Processing 'tx_fifo'
  Processing 'sda_sel'
  Processing 'scl_edge'
  Processing 'controller'
  Processing 'sync_0'
  Processing 'i2c_slave'

  Updating timing information
Information: Updating design information... (UID-85)

  Beginning Implementation Selection
  ----------------------------------
  Processing 'DW01_inc_width4'
  Mapping 'flex_counter_NUM_CNT_BITS4_DW_mult_uns_0'

  Beginning Mapping Optimizations  (Medium effort)
  -------------------------------
  Mapping Optimization (Phase 1)
  Mapping Optimization (Phase 2)

   ELAPSED            WORST NEG TOTAL NEG  DESIGN                            
    TIME      AREA      SLACK     SLACK   RULE COST         ENDPOINT         
  --------- --------- --------- --------- --------- -------------------------
    0:00:04  362673.0      0.62      50.4       0.0                          
    0:00:04  362673.0      0.62      50.4       0.0                          
    0:00:04  362673.0      0.62      50.4       0.0                          
    0:00:04  362673.0      0.62      50.4       0.0                          
    0:00:04  362673.0      0.62      50.4       0.0                          
    0:00:04  362673.0      0.62      50.4       0.0                          
    0:00:04  356265.0      0.69      54.4       0.0                          
    0:00:04  356697.0      0.67      50.1       0.0                          
    0:00:04  357417.0      0.67      49.3       0.0                          
    0:00:04  358353.0      0.67      48.6       0.0                          
    0:00:04  358929.0      0.67      48.0       0.0                          
    0:00:04  359073.0      0.67      48.0       0.0                          
    0:00:04  359073.0      0.67      48.0       0.0                          
    0:00:04  359073.0      0.67      48.0       0.0                          
    0:00:04  359073.0      0.67      48.0       0.0                          
    0:00:04  359073.0      0.67      48.0       0.0                          
    0:00:04  359073.0      0.67      48.0       0.0                          
    0:00:04  359073.0      0.67      48.0       0.0                          
    0:00:04  359577.0      0.63      47.4       0.0                          



  Beginning Delay Optimization Phase
  ----------------------------------

   ELAPSED            WORST NEG TOTAL NEG  DESIGN                            
    TIME      AREA      SLACK     SLACK   RULE COST         ENDPOINT         
  --------- --------- --------- --------- --------- -------------------------
    0:00:04  359577.0      0.63      47.4       0.0                          
    0:00:04  360549.0      0.59      46.5       0.0 TX/FLEX/temp_reg[5]/D    
    0:00:04  362961.0      0.54      43.3       0.0 TX/FLEX/temp_reg[0]/D    
    0:00:04  364041.0      0.52      42.4       0.0 FIFO/FI/URFC/empty_flag_r_reg/D
    0:00:04  365049.0      0.52      41.7       0.0 FIFO/FI/UFIFORAM/fiforeg_reg[0][1]/D
    0:00:05  365841.0      0.51      41.1       0.0 FIFO/FI/URFC/empty_flag_r_reg/D
    0:00:05  366489.0      0.50      40.9       0.0 TIMER/FLEX/rolltemp_reg/D
    0:00:05  366705.0      0.49      41.1       0.0 FIFO/FI/UFIFORAM/fiforeg_reg[0][4]/D
    0:00:05  367173.0      0.49      40.6       0.0 TX/FLEX/temp_reg[0]/D    
    0:00:05  367533.0      0.48      39.3       0.0 TIMER/FLEX/rolltemp_reg/D
    0:00:05  367245.0      0.48      39.0       0.0 FIFO/FI/UFIFORAM/fiforeg_reg[0][4]/D
    0:00:05  367245.0      0.48      39.0       0.0                          
    0:00:05  366957.0      0.48      38.9       0.0                          
    0:00:05  366813.0      0.48      38.9       0.0                          
    0:00:06  367101.0      0.48      38.7       0.0                          
    0:00:06  367965.0      0.48      38.5       0.0                          
    0:00:06  368037.0      0.48      38.5       0.0                          
    0:00:06  369333.0      0.48      37.9       0.0                          
    0:00:06  369333.0      0.48      37.8       0.0                          
    0:00:06  369189.0      0.48      37.6       0.0                          
    0:00:06  369621.0      0.48      37.5       0.0                          
    0:00:06  369765.0      0.48      37.3       0.0                          


  Beginning Area-Recovery Phase  (cleanup)
  -----------------------------

   ELAPSED            WORST NEG TOTAL NEG  DESIGN                            
    TIME      AREA      SLACK     SLACK   RULE COST         ENDPOINT         
  --------- --------- --------- --------- --------- -------------------------
    0:00:06  369765.0      0.48      37.3       0.0                          
    0:00:06  369765.0      0.48      37.3       0.0                          
    0:00:06  369765.0      0.48      37.3       0.0                          
    0:00:06  365661.0      0.48      36.8       0.0                          
    0:00:06  364005.0      0.49      37.0       0.0                          
    0:00:06  363429.0      0.49      37.0       0.0                          
    0:00:06  363429.0      0.49      37.0       0.0                          
    0:00:06  363429.0      0.49      37.0       0.0                          
    0:00:06  363429.0      0.49      37.0       0.0                          
    0:00:06  363429.0      0.49      37.0       0.0                          
    0:00:06  363429.0      0.49      37.0       0.0                          
    0:00:06  363429.0      0.49      37.0       0.0                          
    0:00:06  362925.0      0.49      37.0       0.0                          
    0:00:06  362925.0      0.49      37.0       0.0                          
    0:00:06  362925.0      0.49      37.0       0.0                          
    0:00:06  362925.0      0.49      37.0       0.0                          
    0:00:06  362925.0      0.49      37.0       0.0                          
    0:00:06  362925.0      0.49      37.0       0.0                          
    0:00:06  362925.0      0.49      37.0       0.0                          
    0:00:06  363933.0      0.47      37.2       0.0 FIFO/FI/UFIFORAM/fiforeg_reg[0][4]/D
    0:00:06  363933.0      0.47      37.1       0.0                          
    0:00:06  363573.0      0.47      37.1       0.0                          
    0:00:06  364077.0      0.47      37.1       0.0                          
    0:00:06  365445.0      0.47      36.5       0.0                          
    0:00:07  365373.0      0.47      36.4       0.0                          
    0:00:07  365373.0      0.47      36.3       0.0                          
    0:00:07  365157.0      0.47      36.1       0.0                          
    0:00:07  365301.0      0.47      36.7       0.0 FIFO/FI/UFIFORAM/fiforeg_reg[0][1]/D
    0:00:07  365373.0      0.46      35.8       0.0                          
Loading db file '/package/eda/cells/OSU/v2.7/synopsys/lib/ami05/osu05_stdcells.db'

  Optimization Complete
  ---------------------
1
dc_shell> dc_shell> dc_shell> dc_shell> dc_shell> dc_shell> dc_shell> dc_shell> Writing verilog file '/home/ecegrid/a/mg22/ece337/Lab6/mapped/i2c_slave.v'.
Warning: Verilog 'assign' or 'tran' statements are written out. (VO-4)
1
dc_shell> 
Script Done

dc_shell> 
Checking Design

dc_shell>  
****************************************
check_design summary:
Version:     G-2012.06
Date:        Mon Mar  2 21:02:29 2015
****************************************

                   Name                                            Total
--------------------------------------------------------------------------------
Inputs/Outputs                                                      1
    Unconnected ports (LINT-28)                                     1

Cells                                                               7
    Connected to power or ground (LINT-32)                          4
    Nets connected to multiple pins on same cell (LINT-33)          3
--------------------------------------------------------------------------------

Warning: In design 'controller', port 'byte_received' is not connected to any nets. (LINT-28)
Warning: In design 'timer', a pin on submodule 'FLEX' is connected to logic 1 or logic 0. (LINT-32)
   Pin 'rollover_val[3]' is connected to logic 1. 
Warning: In design 'timer', a pin on submodule 'FLEX' is connected to logic 1 or logic 0. (LINT-32)
   Pin 'rollover_val[2]' is connected to logic 0. 
Warning: In design 'timer', a pin on submodule 'FLEX' is connected to logic 1 or logic 0. (LINT-32)
   Pin 'rollover_val[1]' is connected to logic 0. 
Warning: In design 'timer', a pin on submodule 'FLEX' is connected to logic 1 or logic 0. (LINT-32)
   Pin 'rollover_val[0]' is connected to logic 1. 
Warning: In design 'tx_fifo', the same net is connected to more than one pin on submodule 'FI'. (LINT-33)
   Net 'clk' is connected to pins 'r_clk', 'w_clk''.
Warning: In design 'timer', the same net is connected to more than one pin on submodule 'FLEX'. (LINT-33)
   Net '*Logic1*' is connected to pins 'rollover_val[3]', 'rollover_val[0]''.
Warning: In design 'timer', the same net is connected to more than one pin on submodule 'FLEX'. (LINT-33)
   Net '*Logic0*' is connected to pins 'rollover_val[2]', 'rollover_val[1]''.
1
dc_shell> 
Thank you...
Done


