Synthesizing design: tx_fifo.sv

                      Design Compiler Graphical
                            DC Ultra (TM)
                             DFTMAX (TM)
                         Power Compiler (TM)
                           DesignWare (R)
                           DC Expert (TM)
                         Design Vision (TM)
                          HDL Compiler (TM)
                         VHDL Compiler (TM)
                            DFT Compiler
                        Library Compiler (TM)
                         Design Compiler(R)

            Version G-2012.06 for RHEL64 -- May 30, 2012
               Copyright (c) 1988-2012 Synopsys, Inc.

This software and the associated documentation are confidential and 
proprietary to Synopsys, Inc. Your use or disclosure of this software 
is subject to the terms and conditions of a written license agreement 
between you, or your company, and Synopsys, Inc.

Initializing...
dc_shell> dc_shell> Running PRESTO HDLC
Searching for ./tx_fifo.sv
Searching for /package/eda/synopsys/syn-G-2012.06/libraries/syn/tx_fifo.sv
Searching for /package/eda/synopsys/syn-G-2012.06/dw/sim_ver/tx_fifo.sv
Searching for ./source/tx_fifo.sv
Compiling source file ./source/tx_fifo.sv
Presto compilation completed successfully.
Loading db file '/package/eda/cells/OSU/v2.7/synopsys/lib/ami05/osu05_stdcells.db'
Loading db file '/package/eda/synopsys/syn-G-2012.06/libraries/syn/dw_foundation.sldb'
1
dc_shell> Loading db file '/package/eda/synopsys/syn-G-2012.06/libraries/syn/gtech.db'
Loading db file '/package/eda/synopsys/syn-G-2012.06/libraries/syn/standard.sldb'
  Loading link library 'osu05_stdcells'
  Loading link library 'gtech'
Running PRESTO HDLC
Presto compilation completed successfully.
Elaborated 1 design.
Current design is now 'tx_fifo'.
Information: Building the design 'fifo'. (HDL-193)
Presto compilation completed successfully.
Information: Building the design 'fiforam'. (HDL-193)

Inferred memory devices in process
	in routine fiforam line 48 in file
		'./Course_IP_VHDL/Fifo/source/fiforam.vhd'.
===============================================================================
|    Register Name    |   Type    | Width | Bus | MB | AR | AS | SR | SS | ST |
===============================================================================
|     fiforeg_reg     | Flip-flop |  64   |  Y  | N  | N  | N  | N  | N  | N  |
===============================================================================
Presto compilation completed successfully.
Information: Building the design 'write_fifo_ctrl'. (HDL-193)

Inferred memory devices in process
	in routine write_fifo_ctrl line 76 in file
		'./Course_IP_VHDL/Fifo/source/write_fifo_ctrl.vhd'.
===============================================================================
|    Register Name    |   Type    | Width | Bus | MB | AR | AS | SR | SS | ST |
===============================================================================
|    wrptr_r1_reg     | Flip-flop |   4   |  Y  | N  | Y  | N  | N  | N  | N  |
|    wrptr_r2_reg     | Flip-flop |   4   |  Y  | N  | Y  | N  | N  | N  | N  |
===============================================================================

Inferred memory devices in process
	in routine write_fifo_ctrl line 102 in file
		'./Course_IP_VHDL/Fifo/source/write_fifo_ctrl.vhd'.
===============================================================================
|    Register Name    |   Type    | Width | Bus | MB | AR | AS | SR | SS | ST |
===============================================================================
|   full_flag_r_reg   | Flip-flop |   1   |  N  | N  | Y  | N  | N  | N  | N  |
===============================================================================

Inferred memory devices in process
	in routine write_fifo_ctrl line 115 in file
		'./Course_IP_VHDL/Fifo/source/write_fifo_ctrl.vhd'.
===============================================================================
|    Register Name    |   Type    | Width | Bus | MB | AR | AS | SR | SS | ST |
===============================================================================
|      waddr_reg      | Flip-flop |   3   |  Y  | N  | Y  | N  | N  | N  | N  |
===============================================================================
Presto compilation completed successfully.
Information: Building the design 'read_fifo_ctrl'. (HDL-193)

Inferred memory devices in process
	in routine read_fifo_ctrl line 75 in file
		'./Course_IP_VHDL/Fifo/source/read_fifo_ctrl.vhd'.
===============================================================================
|    Register Name    |   Type    | Width | Bus | MB | AR | AS | SR | SS | ST |
===============================================================================
|    rwptr_r1_reg     | Flip-flop |   4   |  Y  | N  | Y  | N  | N  | N  | N  |
|    rwptr_r2_reg     | Flip-flop |   4   |  Y  | N  | Y  | N  | N  | N  | N  |
===============================================================================

Inferred memory devices in process
	in routine read_fifo_ctrl line 100 in file
		'./Course_IP_VHDL/Fifo/source/read_fifo_ctrl.vhd'.
===============================================================================
|    Register Name    |   Type    | Width | Bus | MB | AR | AS | SR | SS | ST |
===============================================================================
|  empty_flag_r_reg   | Flip-flop |   1   |  N  | N  | N  | Y  | N  | N  | N  |
===============================================================================

Inferred memory devices in process
	in routine read_fifo_ctrl line 114 in file
		'./Course_IP_VHDL/Fifo/source/read_fifo_ctrl.vhd'.
===============================================================================
|    Register Name    |   Type    | Width | Bus | MB | AR | AS | SR | SS | ST |
===============================================================================
|      raddr_reg      | Flip-flop |   3   |  Y  | N  | Y  | N  | N  | N  | N  |
===============================================================================
Presto compilation completed successfully.
Information: Building the design 'write_ptr'. (HDL-193)

Inferred memory devices in process
	in routine write_ptr line 79 in file
		'./Course_IP_VHDL/Fifo/source/write_ptr.vhd'.
===============================================================================
|    Register Name    |   Type    | Width | Bus | MB | AR | AS | SR | SS | ST |
===============================================================================
|    binary_r_reg     | Flip-flop |   4   |  Y  | N  | Y  | N  | N  | N  | N  |
===============================================================================

Inferred memory devices in process
	in routine write_ptr line 89 in file
		'./Course_IP_VHDL/Fifo/source/write_ptr.vhd'.
===============================================================================
|    Register Name    |   Type    | Width | Bus | MB | AR | AS | SR | SS | ST |
===============================================================================
|     gray_r_reg      | Flip-flop |   4   |  Y  | N  | Y  | N  | N  | N  | N  |
===============================================================================
Presto compilation completed successfully.
Information: Building the design 'read_ptr'. (HDL-193)

Inferred memory devices in process
	in routine read_ptr line 79 in file
		'./Course_IP_VHDL/Fifo/source/read_ptr.vhd'.
===============================================================================
|    Register Name    |   Type    | Width | Bus | MB | AR | AS | SR | SS | ST |
===============================================================================
|    binary_r_reg     | Flip-flop |   4   |  Y  | N  | Y  | N  | N  | N  | N  |
===============================================================================

Inferred memory devices in process
	in routine read_ptr line 89 in file
		'./Course_IP_VHDL/Fifo/source/read_ptr.vhd'.
===============================================================================
|    Register Name    |   Type    | Width | Bus | MB | AR | AS | SR | SS | ST |
===============================================================================
|     gray_r_reg      | Flip-flop |   4   |  Y  | N  | Y  | N  | N  | N  | N  |
===============================================================================
Presto compilation completed successfully.
1
dc_shell> dc_shell> 1
dc_shell> dc_shell> dc_shell> dc_shell> dc_shell> dc_shell> dc_shell> dc_shell> dc_shell> Information: Checking out the license 'DesignWare'. (SEC-104)
Information: Evaluating DesignWare library utilization. (UISN-27)

============================================================================
| DesignWare Building Block Library  |         Version         | Available |
============================================================================
| Basic DW Building Blocks           | G-2012.06-DWBB_201206.0 |     *     |
| Licensed DW Building Blocks        | G-2012.06-DWBB_201206.0 |     *     |
============================================================================


Information: There are 1 potential problems in your design. Please run 'check_design' for more information. (LINT-99)



  Beginning Pass 1 Mapping
  ------------------------
  Processing 'read_ptr'
  Processing 'read_fifo_ctrl'
  Processing 'write_ptr'
  Processing 'write_fifo_ctrl'
  Processing 'fiforam'
  Processing 'fifo'
  Processing 'tx_fifo'

  Updating timing information
Information: Updating design information... (UID-85)
Information: Design 'tx_fifo' has no optimization constraints set. (OPT-108)

  Beginning Mapping Optimizations  (Medium effort)
  -------------------------------
  Structuring 'read_ptr'
  Mapping 'read_ptr'
  Structuring 'write_ptr'
  Mapping 'write_ptr'
  Structuring 'read_fifo_ctrl'
  Mapping 'read_fifo_ctrl'
  Structuring 'write_fifo_ctrl'
  Mapping 'write_fifo_ctrl'
  Structuring 'fiforam'
  Mapping 'fiforam'

   ELAPSED            WORST NEG TOTAL NEG  DESIGN                            
    TIME      AREA      SLACK     SLACK   RULE COST         ENDPOINT         
  --------- --------- --------- --------- --------- -------------------------
    0:00:02  214776.0      0.00       0.0       0.6                          
    0:00:02  214776.0      0.00       0.0       0.6                          
    0:00:02  214776.0      0.00       0.0       0.6                          
    0:00:02  214776.0      0.00       0.0       0.6                          
    0:00:02  214776.0      0.00       0.0       0.6                          
    0:00:02  214776.0      0.00       0.0       0.6                          
    0:00:02  214776.0      0.00       0.0       0.6                          
    0:00:02  214776.0      0.00       0.0       0.6                          
    0:00:02  214776.0      0.00       0.0       0.6                          
    0:00:02  214776.0      0.00       0.0       0.6                          
    0:00:02  215208.0      0.00       0.0       0.4                          
    0:00:02  215424.0      0.00       0.0       0.3                          
    0:00:02  215640.0      0.00       0.0       0.1                          
    0:00:02  215856.0      0.00       0.0       0.0                          
    0:00:02  215856.0      0.00       0.0       0.0                          
    0:00:02  215856.0      0.00       0.0       0.0                          
    0:00:02  215856.0      0.00       0.0       0.0                          
    0:00:02  215856.0      0.00       0.0       0.0                          



  Beginning Delay Optimization Phase
  ----------------------------------

   ELAPSED            WORST NEG TOTAL NEG  DESIGN                            
    TIME      AREA      SLACK     SLACK   RULE COST         ENDPOINT         
  --------- --------- --------- --------- --------- -------------------------
    0:00:02  215856.0      0.00       0.0       0.0                          
    0:00:02  215856.0      0.00       0.0       0.0                          
    0:00:02  215856.0      0.00       0.0       0.0                          


  Beginning Area-Recovery Phase  (cleanup)
  -----------------------------

   ELAPSED            WORST NEG TOTAL NEG  DESIGN                            
    TIME      AREA      SLACK     SLACK   RULE COST         ENDPOINT         
  --------- --------- --------- --------- --------- -------------------------
    0:00:02  215856.0      0.00       0.0       0.0                          
    0:00:02  215856.0      0.00       0.0       0.0                          
    0:00:02  215856.0      0.00       0.0       0.0                          
    0:00:02  215856.0      0.00       0.0       0.0                          
    0:00:02  215856.0      0.00       0.0       0.0                          
    0:00:02  215856.0      0.00       0.0       0.0                          
    0:00:02  215856.0      0.00       0.0       0.0                          
    0:00:02  215856.0      0.00       0.0       0.0                          
    0:00:02  215856.0      0.00       0.0       0.0                          
    0:00:02  215856.0      0.00       0.0       0.0                          
    0:00:02  215856.0      0.00       0.0       0.0                          
    0:00:02  215856.0      0.00       0.0       0.0                          
    0:00:02  215856.0      0.00       0.0       0.0                          
    0:00:02  215856.0      0.00       0.0       0.0                          
    0:00:02  215856.0      0.00       0.0       0.0                          
Loading db file '/package/eda/cells/OSU/v2.7/synopsys/lib/ami05/osu05_stdcells.db'

  Optimization Complete
  ---------------------
1
dc_shell> dc_shell> dc_shell> dc_shell> dc_shell> dc_shell> dc_shell> dc_shell> Writing verilog file '/home/ecegrid/a/mg22/ece337/Lab6/mapped/tx_fifo.v'.
1
dc_shell> 
Script Done

dc_shell> 
Checking Design

dc_shell>  
****************************************
check_design summary:
Version:     G-2012.06
Date:        Sun Feb 22 19:21:28 2015
****************************************

                   Name                                            Total
--------------------------------------------------------------------------------
Cells                                                               1
    Nets connected to multiple pins on same cell (LINT-33)          1
--------------------------------------------------------------------------------

Warning: In design 'tx_fifo', the same net is connected to more than one pin on submodule 'FI'. (LINT-33)
   Net 'clk' is connected to pins 'r_clk', 'w_clk''.
1
dc_shell> 
Thank you...
Done


