###############################################################
#  Generated by:      Cadence Encounter 09.11-s084_1
#  OS:                Linux x86_64(Host ID ecegrid-thin6.ecn.purdue.edu)
#  Generated on:      Wed Mar  4 20:19:12 2015
#  Command:           verifyMetalDensity -reportfile lab7_layout_design.dens...
###############################################################

Verify Density report created on Wed Mar  4 20:19:12 2015

    Layer    Density(%)          Window  
***************************************************

      M1       19.43    (1150 350) (1250 450)
      M1       19.26    (1150 400) (1250 500)
      M1       16.77    (1300 750) (1400 850)
      M1       16.27    (1250 800) (1350 900)
      M1       10.25    (1300 800) (1400 900)
      M1       18.13    (500 850) (600 950)
      M1       15.35    (550 850) (650 950)
      M1       13.65    (1250 850) (1350 950)
      M1       14.55    (1300 850) (1400 950)
      M1       17.49    (550 900) (650 1000)
      M1       19.47    (350 1000) (450 1100)
      M1       19.91    (400 1000) (500 1100)
      M1       16.69    (350 1050) (450 1150)
      M1       18.89    (350 1100) (450 1200)
      M1       16.04    (350 1150) (450 1250)
      M1       19.25    (550 1150) (650 1250)
      M1       17.92    (600 1150) (700 1250)
      M1       17.07    (350 1200) (450 1300)
      M1       19.14    (400 1200) (500 1300)
      M1       16.77    (550 1200) (650 1300)
      M1        8.97    (600 1200) (700 1300)
      M1       12.30    (650 1200) (750 1300)
      M1       11.52    (700 1200) (800 1300)
      M1       15.98    (750 1200) (850 1300)
      M1       18.36    (800 1200) (900 1300)
      M1       18.48    (850 1200) (950 1300)
      M1       19.88    (1050 1200) (1150 1300)
      M1       15.10    (1100 1200) (1200 1300)
      M1       19.31    (1150 1200) (1250 1300)
      M1       19.66    (600 1250) (700 1350)
      M1       19.19    (650 1250) (750 1350)
      M1       18.87    (700 1250) (800 1350)

      M2       17.54    (450 350) (550 450)
      M2       13.75    (500 350) (600 450)
      M2       14.21    (550 350) (650 450)
      M2       15.79    (600 350) (700 450)
      M2       19.33    (750 350) (850 450)
      M2       19.59    (800 350) (900 450)
      M2       20.00    (850 350) (950 450)
      M2       17.02    (900 350) (1000 450)
      M2       16.09    (950 350) (1050 450)
      M2       14.91    (1000 350) (1100 450)
      M2       14.65    (1050 350) (1150 450)
      M2       13.71    (1100 350) (1200 450)
      M2        9.13    (1150 350) (1250 450)
      M2        8.91    (1200 350) (1300 450)
      M2       18.46    (350 400) (450 500)
      M2       17.21    (850 400) (950 500)
      M2       11.79    (900 400) (1000 500)
      M2       11.01    (950 400) (1050 500)
      M2        9.08    (1000 400) (1100 500)
      M2       13.83    (1050 400) (1150 500)
      M2       14.39    (1100 400) (1200 500)
      M2        8.59    (1150 400) (1250 500)
      M2        8.49    (1200 400) (1300 500)
      M2       19.08    (1250 400) (1350 500)
      M2       12.80    (350 450) (450 550)
      M2       17.64    (400 450) (500 550)
      M2       18.04    (750 450) (850 550)
      M2       16.65    (800 450) (900 550)
      M2       15.40    (850 450) (950 550)
      M2       17.25    (900 450) (1000 550)
      M2       15.86    (950 450) (1050 550)
      M2       15.49    (1000 450) (1100 550)
      M2       16.46    (1050 450) (1150 550)
      M2       13.40    (1100 450) (1200 550)
      M2       12.93    (1150 450) (1250 550)
      M2       14.87    (1200 450) (1300 550)
      M2       19.49    (350 500) (450 600)
      M2       19.62    (400 500) (500 600)
      M2       14.43    (900 500) (1000 600)
      M2       15.14    (950 500) (1050 600)
      M2       19.22    (1050 500) (1150 600)
      M2       12.72    (1100 500) (1200 600)
      M2       14.57    (1150 500) (1250 600)
      M2       14.60    (1200 500) (1300 600)
      M2       16.64    (1250 500) (1350 600)
      M2       18.13    (750 550) (850 650)
      M2       17.57    (850 550) (950 650)
      M2       11.91    (900 550) (1000 650)
      M2       15.04    (950 550) (1050 650)
      M2       17.61    (1000 550) (1100 650)
      M2       17.07    (1050 550) (1150 650)
      M2       16.07    (1100 550) (1200 650)
      M2       17.26    (550 600) (650 700)
      M2       17.34    (600 600) (700 700)
      M2       14.54    (650 600) (750 700)
      M2       12.60    (700 600) (800 700)
      M2       17.13    (750 600) (850 700)
      M2       18.28    (800 600) (900 700)
      M2       12.59    (850 600) (950 700)
      M2       13.06    (900 600) (1000 700)
      M2       17.93    (950 600) (1050 700)
      M2       17.25    (1000 600) (1100 700)
      M2       17.42    (1050 600) (1150 700)
      M2       18.93    (350 650) (450 750)
      M2       15.91    (650 650) (750 750)
      M2       14.12    (700 650) (800 750)
      M2       19.16    (850 650) (950 750)
      M2       19.84    (900 650) (1000 750)
      M2       16.77    (1000 650) (1100 750)
      M2       16.22    (350 700) (450 800)
      M2       19.44    (700 700) (800 800)
      M2       19.60    (750 700) (850 800)
      M2       18.53    (1000 700) (1100 800)
      M2       18.29    (350 750) (450 850)
      M2       19.47    (500 750) (600 850)
      M2       18.33    (550 750) (650 850)
      M2       19.14    (750 750) (850 850)
      M2       19.70    (950 750) (1050 850)
      M2       19.68    (1000 750) (1100 850)
      M2       18.28    (1050 750) (1150 850)
      M2       17.90    (1250 750) (1350 850)
      M2       12.72    (1300 750) (1400 850)
      M2       13.75    (500 800) (600 900)
      M2       15.48    (550 800) (650 900)
      M2       19.92    (1200 800) (1300 900)
      M2        6.00    (1250 800) (1350 900)
      M2        0.66    (1300 800) (1400 900)
      M2       10.60    (500 850) (600 950)
      M2       11.99    (550 850) (650 950)
      M2       17.29    (850 850) (950 950)
      M2       13.65    (1200 850) (1300 950)
      M2        5.99    (1250 850) (1350 950)
      M2       10.07    (1300 850) (1400 950)
      M2       13.40    (500 900) (600 1000)
      M2        9.04    (550 900) (650 1000)
      M2       18.53    (600 900) (700 1000)
      M2       19.66    (650 900) (750 1000)
      M2       14.78    (700 900) (800 1000)
      M2       19.54    (850 900) (950 1000)
      M2       13.26    (350 950) (450 1050)
      M2       14.74    (400 950) (500 1050)
      M2       19.61    (450 950) (550 1050)
      M2       16.45    (500 950) (600 1050)
      M2       18.37    (550 950) (650 1050)
      M2       19.58    (650 950) (750 1050)
      M2       14.10    (700 950) (800 1050)
      M2       17.28    (350 1000) (450 1100)
      M2       16.98    (400 1000) (500 1100)
      M2       16.37    (350 1050) (450 1150)
      M2       12.41    (350 1100) (450 1200)
      M2       15.05    (350 1150) (450 1250)
      M2       15.80    (400 1150) (500 1250)
      M2       19.12    (450 1150) (550 1250)
      M2       17.16    (500 1150) (600 1250)
      M2       11.87    (550 1150) (650 1250)
      M2       14.64    (600 1150) (700 1250)
      M2       17.33    (650 1150) (750 1250)
      M2       14.73    (700 1150) (800 1250)
      M2       14.73    (750 1150) (850 1250)
      M2       15.94    (800 1150) (900 1250)
      M2       14.38    (1200 1150) (1300 1250)
      M2       17.87    (1250 1150) (1350 1250)
      M2       13.01    (550 1200) (650 1300)
      M2        4.08    (600 1200) (700 1300)
      M2        4.94    (650 1200) (750 1300)
      M2        4.42    (700 1200) (800 1300)
      M2        8.53    (750 1200) (850 1300)
      M2       10.03    (800 1200) (900 1300)
      M2       13.14    (850 1200) (950 1300)
      M2       15.49    (900 1200) (1000 1300)
      M2       16.70    (950 1200) (1050 1300)
      M2       13.10    (1050 1200) (1150 1300)
      M2        8.33    (1100 1200) (1200 1300)
      M2       15.32    (1150 1200) (1250 1300)

      M3       19.28    (250 300) (350 400)
      M3       16.56    (300 300) (400 400)
      M3       17.31    (400 300) (500 400)
      M3       15.64    (450 300) (550 400)
      M3       15.53    (500 300) (600 400)
      M3       16.04    (550 300) (650 400)
      M3       16.49    (600 300) (700 400)
      M3       16.06    (650 300) (750 400)
      M3       14.52    (700 300) (800 400)
      M3       14.04    (750 300) (850 400)
      M3       13.45    (800 300) (900 400)
      M3       19.02    (850 300) (950 400)
      M3       19.18    (1050 300) (1150 400)
      M3       18.19    (1150 300) (1250 400)
      M3       16.18    (1200 300) (1300 400)
      M3       18.80    (1250 300) (1350 400)
      M3       19.73    (250 350) (350 450)
      M3       12.16    (300 350) (400 450)
      M3       12.52    (350 350) (450 450)
      M3       12.80    (400 350) (500 450)
      M3       12.34    (450 350) (550 450)
      M3       10.45    (500 350) (600 450)
      M3       10.08    (550 350) (650 450)
      M3       11.62    (600 350) (700 450)
      M3       14.78    (650 350) (750 450)
      M3       13.13    (700 350) (800 450)
      M3        9.31    (750 350) (850 450)
      M3        9.81    (800 350) (900 450)
      M3       13.10    (850 350) (950 450)
      M3       12.62    (900 350) (1000 450)
      M3       13.15    (950 350) (1050 450)
      M3       10.29    (1000 350) (1100 450)
      M3        6.98    (1050 350) (1150 450)
      M3        7.73    (1100 350) (1200 450)
      M3        6.07    (1150 350) (1250 450)
      M3        5.16    (1200 350) (1300 450)
      M3       11.06    (1250 350) (1350 450)
      M3       10.22    (300 400) (400 500)
      M3       10.03    (350 400) (450 500)
      M3       17.68    (400 400) (500 500)
      M3       19.38    (600 400) (700 500)
      M3       19.01    (700 400) (800 500)
      M3       13.49    (750 400) (850 500)
      M3       11.65    (800 400) (900 500)
      M3       10.13    (850 400) (950 500)
      M3        7.47    (900 400) (1000 500)
      M3        7.72    (950 400) (1050 500)
      M3        5.90    (1000 400) (1100 500)
      M3        5.86    (1050 400) (1150 500)
      M3        6.75    (1100 400) (1200 500)
      M3        4.84    (1150 400) (1250 500)
      M3        3.13    (1200 400) (1300 500)
      M3        9.04    (1250 400) (1350 500)
      M3       19.48    (1300 400) (1400 500)
      M3       18.12    (1350 400) (1450 500)
      M3       17.68    (250 450) (350 550)
      M3        7.85    (300 450) (400 550)
      M3       11.12    (350 450) (450 550)
      M3       16.85    (400 450) (500 550)
      M3       19.10    (600 450) (700 550)
      M3       19.87    (650 450) (750 550)
      M3       17.93    (700 450) (800 550)
      M3       13.57    (750 450) (850 550)
      M3       10.54    (800 450) (900 550)
      M3        8.19    (850 450) (950 550)
      M3       10.98    (900 450) (1000 550)
      M3       11.43    (950 450) (1050 550)
      M3        9.15    (1000 450) (1100 550)
      M3        8.73    (1050 450) (1150 550)
      M3        7.54    (1100 450) (1200 550)
      M3        7.01    (1150 450) (1250 550)
      M3        7.62    (1200 450) (1300 550)
      M3       10.52    (1250 450) (1350 550)
      M3       15.19    (1300 450) (1400 550)
      M3       15.04    (1350 450) (1450 550)
      M3       17.34    (250 500) (350 600)
      M3        9.00    (300 500) (400 600)
      M3       13.64    (350 500) (450 600)
      M3       14.92    (400 500) (500 600)
      M3       16.92    (450 500) (550 600)
      M3       17.03    (750 500) (850 600)
      M3       15.75    (800 500) (900 600)
      M3       10.80    (850 500) (950 600)
      M3        9.34    (900 500) (1000 600)
      M3       10.36    (950 500) (1050 600)
      M3       11.77    (1000 500) (1100 600)
      M3       10.62    (1050 500) (1150 600)
      M3        7.47    (1100 500) (1200 600)
      M3        8.00    (1150 500) (1250 600)
      M3        8.39    (1200 500) (1300 600)
      M3        9.52    (1250 500) (1350 600)
      M3       14.65    (1300 500) (1400 600)
      M3       18.55    (1350 500) (1450 600)
      M3       19.15    (250 550) (350 650)
      M3        9.71    (300 550) (400 650)
      M3       11.41    (350 550) (450 650)
      M3       12.49    (400 550) (500 650)
      M3       15.32    (450 550) (550 650)
      M3       18.12    (500 550) (600 650)
      M3       18.29    (550 550) (650 650)
      M3       19.38    (600 550) (700 650)
      M3       18.79    (700 550) (800 650)
      M3       16.36    (750 550) (850 650)
      M3       13.99    (800 550) (900 650)
      M3        9.02    (850 550) (950 650)
      M3        6.92    (900 550) (1000 650)
      M3        7.84    (950 550) (1050 650)
      M3       11.01    (1000 550) (1100 650)
      M3       10.56    (1050 550) (1150 650)
      M3        9.02    (1100 550) (1200 650)
      M3       11.75    (1150 550) (1250 650)
      M3       14.51    (1200 550) (1300 650)
      M3       15.85    (1250 550) (1350 650)
      M3       17.27    (1300 550) (1400 650)
      M3       17.57    (1350 550) (1450 650)
      M3       19.85    (250 600) (350 700)
      M3        8.49    (300 600) (400 700)
      M3        8.03    (350 600) (450 700)
      M3       11.03    (400 600) (500 700)
      M3       13.46    (450 600) (550 700)
      M3       13.12    (500 600) (600 700)
      M3       10.98    (550 600) (650 700)
      M3       12.08    (600 600) (700 700)
      M3       12.87    (650 600) (750 700)
      M3       12.65    (700 600) (800 700)
      M3       14.34    (750 600) (850 700)
      M3       11.91    (800 600) (900 700)
      M3        7.93    (850 600) (950 700)
      M3        8.09    (900 600) (1000 700)
      M3        7.92    (950 600) (1050 700)
      M3        8.65    (1000 600) (1100 700)
      M3       10.40    (1050 600) (1150 700)
      M3       12.94    (1100 600) (1200 700)
      M3       18.12    (1150 600) (1250 700)
      M3       14.95    (1350 600) (1450 700)
      M3       16.46    (1400 600) (1500 700)
      M3        7.77    (300 650) (400 750)
      M3        5.62    (350 650) (450 750)
      M3        9.72    (400 650) (500 750)
      M3       15.41    (450 650) (550 750)
      M3       17.84    (500 650) (600 750)
      M3       16.51    (550 650) (650 750)
      M3       17.00    (600 650) (700 750)
      M3       16.63    (650 650) (750 750)
      M3       16.71    (700 650) (800 750)
      M3       19.65    (750 650) (850 750)
      M3       18.13    (800 650) (900 750)
      M3       13.25    (850 650) (950 750)
      M3       12.60    (900 650) (1000 750)
      M3        9.14    (950 650) (1050 750)
      M3        6.87    (1000 650) (1100 750)
      M3       14.19    (1050 650) (1150 750)
      M3       17.60    (1100 650) (1200 750)
      M3       18.02    (1150 650) (1250 750)
      M3       16.83    (1350 650) (1450 750)
      M3       19.23    (1400 650) (1500 750)
      M3       12.80    (300 700) (400 800)
      M3        9.65    (350 700) (450 800)
      M3       14.18    (400 700) (500 800)
      M3       18.64    (550 700) (650 800)
      M3       19.87    (600 700) (700 800)
      M3       17.33    (850 700) (950 800)
      M3       16.99    (900 700) (1000 800)
      M3       13.65    (950 700) (1050 800)
      M3        9.79    (1000 700) (1100 800)
      M3       16.02    (1050 700) (1150 800)
      M3       16.38    (1100 700) (1200 800)
      M3       11.21    (1150 700) (1250 800)
      M3       12.02    (1200 700) (1300 800)
      M3       17.14    (1250 700) (1350 800)
      M3       18.19    (1300 700) (1400 800)
      M3       15.77    (1350 700) (1450 800)
      M3       12.86    (300 750) (400 850)
      M3       14.00    (350 750) (450 850)
      M3       17.63    (400 750) (500 850)
      M3       17.93    (450 750) (550 850)
      M3       17.30    (500 750) (600 850)
      M3       16.36    (550 750) (650 850)
      M3       16.87    (600 750) (700 850)
      M3       19.71    (650 750) (750 850)
      M3       18.19    (700 750) (800 850)
      M3       17.42    (750 750) (850 850)
      M3       18.67    (800 750) (900 850)
      M3       16.69    (850 750) (950 850)
      M3       14.90    (900 750) (1000 850)
      M3       13.11    (950 750) (1050 850)
      M3       11.51    (1000 750) (1100 850)
      M3       12.81    (1050 750) (1150 850)
      M3       13.90    (1100 750) (1200 850)
      M3       13.08    (1150 750) (1250 850)
      M3       10.95    (1200 750) (1300 850)
      M3        8.78    (1250 750) (1350 850)
      M3        7.17    (1300 750) (1400 850)
      M3        7.99    (1350 750) (1450 850)
      M3       19.88    (1400 750) (1500 850)
      M3       11.42    (300 800) (400 900)
      M3       13.03    (350 800) (450 900)
      M3       16.17    (400 800) (500 900)
      M3       14.06    (450 800) (550 900)
      M3       11.57    (500 800) (600 900)
      M3       14.07    (550 800) (650 900)
      M3       16.92    (600 800) (700 900)
      M3       16.98    (650 800) (750 900)
      M3       15.91    (700 800) (800 900)
      M3       15.00    (750 800) (850 900)
      M3       13.66    (800 800) (900 900)
      M3       13.15    (850 800) (950 900)
      M3       12.27    (900 800) (1000 900)
      M3       14.95    (950 800) (1050 900)
      M3       18.19    (1000 800) (1100 900)
      M3       16.74    (1050 800) (1150 900)
      M3       17.70    (1100 800) (1200 900)
      M3       19.49    (1150 800) (1250 900)
      M3       13.24    (1200 800) (1300 900)
      M3        4.33    (1250 800) (1350 900)
      M3        1.84    (1300 800) (1400 900)
      M3        5.70    (1350 800) (1450 900)
      M3       19.43    (1400 800) (1500 900)
      M3       11.75    (300 850) (400 950)
      M3       14.07    (350 850) (450 950)
      M3       16.17    (400 850) (500 950)
      M3       14.51    (450 850) (550 950)
      M3       10.91    (500 850) (600 950)
      M3       11.84    (550 850) (650 950)
      M3       17.01    (600 850) (700 950)
      M3       18.26    (650 850) (750 950)
      M3       15.94    (700 850) (800 950)
      M3       17.26    (750 850) (850 950)
      M3       15.67    (800 850) (900 950)
      M3       11.12    (850 850) (950 950)
      M3       12.22    (900 850) (1000 950)
      M3       18.20    (950 850) (1050 950)
      M3       16.75    (1150 850) (1250 950)
      M3       10.62    (1200 850) (1300 950)
      M3        5.13    (1250 850) (1350 950)
      M3        5.95    (1300 850) (1400 950)
      M3        9.37    (1350 850) (1450 950)
      M3       18.00    (250 900) (350 1000)
      M3        9.28    (300 900) (400 1000)
      M3       11.74    (350 900) (450 1000)
      M3       12.51    (400 900) (500 1000)
      M3       14.80    (450 900) (550 1000)
      M3       15.43    (500 900) (600 1000)
      M3       13.96    (550 900) (650 1000)
      M3       15.31    (600 900) (700 1000)
      M3       15.87    (650 900) (750 1000)
      M3       14.99    (700 900) (800 1000)
      M3       17.12    (750 900) (850 1000)
      M3       15.96    (800 900) (900 1000)
      M3       13.05    (850 900) (950 1000)
      M3       15.82    (900 900) (1000 1000)
      M3       12.83    (1150 900) (1250 1000)
      M3       13.76    (1200 900) (1300 1000)
      M3       13.94    (1250 900) (1350 1000)
      M3       14.46    (1300 900) (1400 1000)
      M3       13.36    (1350 900) (1450 1000)
      M3       19.61    (1400 900) (1500 1000)
      M3       19.10    (250 950) (350 1050)
      M3        6.63    (300 950) (400 1050)
      M3        5.04    (350 950) (450 1050)
      M3        6.85    (400 950) (500 1050)
      M3       12.76    (450 950) (550 1050)
      M3       14.04    (500 950) (600 1050)
      M3       13.37    (550 950) (650 1050)
      M3       13.17    (600 950) (700 1050)
      M3       11.72    (650 950) (750 1050)
      M3       11.59    (700 950) (800 1050)
      M3       12.54    (750 950) (850 1050)
      M3       12.70    (800 950) (900 1050)
      M3       12.75    (850 950) (950 1050)
      M3       14.88    (900 950) (1000 1050)
      M3       18.60    (950 950) (1050 1050)
      M3       17.30    (1150 950) (1250 1050)
      M3       17.57    (1350 950) (1450 1050)
      M3       17.13    (250 1000) (350 1100)
      M3        6.39    (300 1000) (400 1100)
      M3        7.27    (350 1000) (450 1100)
      M3        9.48    (400 1000) (500 1100)
      M3       13.98    (450 1000) (550 1100)
      M3       15.20    (500 1000) (600 1100)
      M3       14.40    (550 1000) (650 1100)
      M3       14.01    (600 1000) (700 1100)
      M3       14.66    (650 1000) (750 1100)
      M3       15.46    (700 1000) (800 1100)
      M3       13.46    (750 1000) (850 1100)
      M3       13.54    (800 1000) (900 1100)
      M3       16.24    (850 1000) (950 1100)
      M3       16.01    (900 1000) (1000 1100)
      M3       14.52    (950 1000) (1050 1100)
      M3       16.37    (1000 1000) (1100 1100)
      M3       18.86    (1350 1000) (1450 1100)
      M3       17.58    (250 1050) (350 1150)
      M3        6.17    (300 1050) (400 1150)
      M3        6.27    (350 1050) (450 1150)
      M3       11.07    (400 1050) (500 1150)
      M3       15.08    (450 1050) (550 1150)
      M3       13.99    (500 1050) (600 1150)
      M3       14.76    (550 1050) (650 1150)
      M3       13.88    (600 1050) (700 1150)
      M3       11.88    (650 1050) (750 1150)
      M3       14.83    (700 1050) (800 1150)
      M3       13.86    (750 1050) (850 1150)
      M3       13.37    (800 1050) (900 1150)
      M3       18.60    (850 1050) (950 1150)
      M3       16.80    (900 1050) (1000 1150)
      M3       14.09    (950 1050) (1050 1150)
      M3       16.05    (1000 1050) (1100 1150)
      M3       17.56    (1050 1050) (1150 1150)
      M3       19.92    (1200 1050) (1300 1150)
      M3       14.88    (1350 1050) (1450 1150)
      M3       18.69    (1400 1050) (1500 1150)
      M3       19.47    (250 1100) (350 1200)
      M3        7.18    (300 1100) (400 1200)
      M3        3.56    (350 1100) (450 1200)
      M3        8.55    (400 1100) (500 1200)
      M3       13.55    (450 1100) (550 1200)
      M3        9.80    (500 1100) (600 1200)
      M3       12.02    (550 1100) (650 1200)
      M3       15.68    (600 1100) (700 1200)
      M3       11.74    (650 1100) (750 1200)
      M3        9.91    (700 1100) (800 1200)
      M3        9.73    (750 1100) (850 1200)
      M3       11.32    (800 1100) (900 1200)
      M3       15.76    (850 1100) (950 1200)
      M3       12.95    (900 1100) (1000 1200)
      M3       12.74    (950 1100) (1050 1200)
      M3       17.65    (1000 1100) (1100 1200)
      M3       16.00    (1050 1100) (1150 1200)
      M3       19.21    (1100 1100) (1200 1200)
      M3       18.72    (1150 1100) (1250 1200)
      M3       12.29    (1200 1100) (1300 1200)
      M3       12.47    (1250 1100) (1350 1200)
      M3       17.09    (1300 1100) (1400 1200)
      M3       15.10    (1350 1100) (1450 1200)
      M3       19.21    (1400 1100) (1500 1200)
      M3       19.77    (250 1150) (350 1250)
      M3        8.59    (300 1150) (400 1250)
      M3        5.93    (350 1150) (450 1250)
      M3        6.26    (400 1150) (500 1250)
      M3        8.50    (450 1150) (550 1250)
      M3        7.30    (500 1150) (600 1250)
      M3        7.06    (550 1150) (650 1250)
      M3       10.32    (600 1150) (700 1250)
      M3        9.79    (650 1150) (750 1250)
      M3        7.69    (700 1150) (800 1250)
      M3        7.48    (750 1150) (850 1250)
      M3        8.26    (800 1150) (900 1250)
      M3       12.53    (850 1150) (950 1250)
      M3       11.82    (900 1150) (1000 1250)
      M3       11.67    (950 1150) (1050 1250)
      M3       15.72    (1000 1150) (1100 1250)
      M3       11.44    (1050 1150) (1150 1250)
      M3       11.00    (1100 1150) (1200 1250)
      M3       10.65    (1150 1150) (1250 1250)
      M3        5.73    (1200 1150) (1300 1250)
      M3        8.24    (1250 1150) (1350 1250)
      M3       15.95    (1300 1150) (1400 1250)
      M3       18.83    (1350 1150) (1450 1250)
      M3       10.70    (300 1200) (400 1300)
      M3       10.27    (350 1200) (450 1300)
      M3        8.35    (400 1200) (500 1300)
      M3        5.62    (450 1200) (550 1300)
      M3        6.63    (500 1200) (600 1300)
      M3        5.12    (550 1200) (650 1300)
      M3        3.66    (600 1200) (700 1300)
      M3        3.35    (650 1200) (750 1300)
      M3        3.32    (700 1200) (800 1300)
      M3        4.59    (750 1200) (850 1300)
      M3        5.76    (800 1200) (900 1300)
      M3        9.58    (850 1200) (950 1300)
      M3       11.13    (900 1200) (1000 1300)
      M3       11.69    (950 1200) (1050 1300)
      M3       12.91    (1000 1200) (1100 1300)
      M3        8.74    (1050 1200) (1150 1300)
      M3        6.06    (1100 1200) (1200 1300)
      M3        6.94    (1150 1200) (1250 1300)
      M3        8.27    (1200 1200) (1300 1300)
      M3       12.71    (1250 1200) (1350 1300)
      M3       17.94    (1300 1200) (1400 1300)
      M3       18.30    (1350 1200) (1450 1300)
      M3       19.81    (250 1250) (350 1350)
      M3       13.80    (300 1250) (400 1350)
      M3       16.84    (350 1250) (450 1350)
      M3       14.50    (400 1250) (500 1350)
      M3       11.16    (450 1250) (550 1350)
      M3       11.80    (500 1250) (600 1350)
      M3       10.41    (550 1250) (650 1350)
      M3        7.37    (600 1250) (700 1350)
      M3        8.24    (650 1250) (750 1350)
      M3        7.87    (700 1250) (800 1350)
      M3        7.09    (750 1250) (850 1350)
      M3        9.55    (800 1250) (900 1350)
      M3       12.93    (850 1250) (950 1350)
      M3       13.73    (900 1250) (1000 1350)
      M3       13.54    (950 1250) (1050 1350)
      M3       13.84    (1000 1250) (1100 1350)
      M3       13.05    (1050 1250) (1150 1350)
      M3       12.17    (1100 1250) (1200 1350)
      M3       11.28    (1150 1250) (1250 1350)
      M3       11.15    (1200 1250) (1300 1350)
      M3       17.27    (1250 1250) (1350 1350)
      M3       19.80    (1350 1250) (1450 1350)
      M3       17.45    (300 1300) (400 1400)
      M3       18.63    (350 1300) (450 1400)
      M3       15.20    (400 1300) (500 1400)
      M3       13.71    (450 1300) (550 1400)
      M3       14.89    (500 1300) (600 1400)
      M3       16.19    (550 1300) (650 1400)
      M3       13.44    (600 1300) (700 1400)
      M3       14.99    (650 1300) (750 1400)
      M3       16.15    (700 1300) (800 1400)
      M3       14.10    (750 1300) (850 1400)
      M3       14.64    (800 1300) (900 1400)
      M3       16.01    (850 1300) (950 1400)
      M3       15.73    (900 1300) (1000 1400)
      M3       15.61    (950 1300) (1050 1400)
      M3       16.11    (1000 1300) (1100 1400)
      M3       16.36    (1050 1300) (1150 1400)
      M3       17.87    (1100 1300) (1200 1400)
      M3       17.22    (1150 1300) (1250 1400)
      M3       14.48    (1200 1300) (1300 1400)
      M3       16.31    (1250 1300) (1350 1400)


A total of 588 density violation(s).
Windows < Min. Density = 588
Windows > Max. Density = 0
