\o Program:		@(#)$CDS: libManager.exe version Exp 01/19/2010 20:09 (ocelot-linux) $
\o Sub version:		sub-version none
\o Arguments:		-mpssession icfb19859 -mpshost ecegrid-thin2.ecn.purdue.edu 
\o Working Directory:	ecegrid-thin2.ecn.purdue.edu:/home/ecegrid/a/mg22/ece337/Lab7
\o Extended color mode (TrueColor 32 0x4d) in use.
\o Loading customization file "/package/eda/cells/ncsu-cdk-1.5.1/local/cdssetup/cdsLibMgr.il"
\o Loading NCSU Library Manager customizations...done.
\o Log file is "/home/ecegrid/a/mg22/ece337/Lab7/libManager.log".
Opening libManager window.
No main selection
\o Library Manager customization server connected.
MPS service: map window
MPS request: update library list
MPS request: update library list
MPS request: update library list
MPS request: update library list
MPS request: update library list
MPS request: update library list
\o Setting `Show Categories' to the on state.
\o Setting `Show Categories' to the off state.
MPS service: map window
\o Auto refresh applied.
\o Auto refresh applied.
Main selection: My_Layout lab7_layout_design layout
\o Opening design file through session server.
MPS request: edit design
Invoking command (cdkAttachTechLib).
Main selection: My_layout
Invoking command (editDelete).
Showing dialog "Delete Libraries" (deleteDialog).
Dialog activated Ok in "Delete Libraries" (deleteDialog).
Showing dialog "Delete Confirmation" (genericDialog).
\o Remove 1 library from disk?
\o 
\o Library: My_layout		-> /home/ecegrid/a/mg22/ece337/My_layout
Dialog activated Yes in "Delete Confirmation" (genericDialog).
Closing dialog "Delete Confirmation" (genericDialog).
Closing dialog "Delete Libraries" (deleteDialog).
\o Deleting library "My_layout".
Showing dialog "Deleting Files" (tdmWorkingDialog).
MPS request: update library list
MPS request: update library list
\o Deleted library 'My_layout'.
Closing dialog "Deleting Files" (tdmWorkingDialog).
\o Delete of library "My_layout" succeeded.
\o Deletion of library done.
Main selection: My_layout1
Invoking command (editDelete).
Showing dialog "Delete Libraries" (deleteDialog).
Dialog activated Ok in "Delete Libraries" (deleteDialog).
Showing dialog "Delete Confirmation" (genericDialog).
\o Remove 1 library from disk?
\o 
\o Library: My_layout1		-> /home/ecegrid/a/mg22/ece337/My_layout1
Dialog activated Yes in "Delete Confirmation" (genericDialog).
Closing dialog "Delete Confirmation" (genericDialog).
Closing dialog "Delete Libraries" (deleteDialog).
\o Deleting library "My_layout1".
Showing dialog "Deleting Files" (tdmWorkingDialog).
MPS request: update library list
MPS request: update library list
\o Deleted library 'My_layout1'.
Closing dialog "Deleting Files" (tdmWorkingDialog).
\o Delete of library "My_layout1" succeeded.
\o Deletion of library done.
Main selection: My_Layout
Invoking command (cdkAttachTechLib).
Main selection: My_Layout lab7_layout_design layout
\o Opening design file through session server.
MPS request: edit design
